<?xml version="1.0" encoding="UTF-8"?>
<beans xmlns="http://www.springframework.org/schema/beans"
	xmlns:xsi="http://www.w3.org/2001/XMLSchema-instance"
	xmlns:context="http://www.springframework.org/schema/context"
	xsi:schemaLocation="http://www.springframework.org/schema/beans http://www.springframework.org/schema/beans/spring-beans.xsd
	http://www.springframework.org/schema/context http://www.springframework.org/schema/context/spring-context.xsd">

	<context:component-scan base-package="org.opencredo.**" />
	<context:annotation-config/>

	<bean id="couchDbUrl" class="java.lang.String">
		<constructor-arg value="${couchdb.url}" />
	</bean>

	<bean id="testDatabaseName" name="testDatabaseName" class="java.lang.String">
		<constructor-arg value="${couchdb.testDatabase}" />
	</bean>

	<bean id="placeholderProperties"
		class="org.springframework.beans.factory.config.PropertyPlaceholderConfigurer">
		<property name="locations">
			<list>
				<value>classpath:test-couchdb.properties
				</value>
			</list>
		</property>
		<property name="systemPropertiesModeName" value="SYSTEM_PROPERTIES_MODE_OVERRIDE" />
		<property name="ignoreResourceNotFound" value="false" />
		<property name="ignoreUnresolvablePlaceholders" value="false" />
		<property name="order" value="1" />
	</bean>

</beans>
